<?xml version="1.0" encoding="UTF-8"?>
<coverage generated="1757025638166" clover="3.2.0">
  <project timestamp="1757025638166" name="All files">
    <metrics statements="214" coveredstatements="167" conditionals="61" coveredconditionals="37" methods="22" coveredmethods="19" elements="297" coveredelements="223" complexity="0" loc="214" ncloc="214" packages="7" files="12" classes="12"/>
    <package name="src">
      <metrics statements="11" coveredstatements="11" conditionals="0" coveredconditionals="0" methods="0" coveredmethods="0"/>
      <file name="app.ts" path="C:\Users\felip\Documentos\developer\tsauth\backend\src\app.ts">
        <metrics statements="11" coveredstatements="11" conditionals="0" coveredconditionals="0" methods="0" coveredmethods="0"/>
        <line num="3" count="2" type="stmt"/>
        <line num="4" count="2" type="stmt"/>
        <line num="8" count="2" type="stmt"/>
        <line num="9" count="2" type="stmt"/>
        <line num="12" count="2" type="stmt"/>
        <line num="13" count="2" type="stmt"/>
        <line num="16" count="2" type="stmt"/>
        <line num="19" count="2" type="stmt"/>
        <line num="22" count="2" type="stmt"/>
        <line num="23" count="2" type="stmt"/>
        <line num="26" count="2" type="stmt"/>
      </file>
    </package>
    <package name="src.api.controllers">
      <metrics statements="28" coveredstatements="26" conditionals="0" coveredconditionals="0" methods="5" coveredmethods="5"/>
      <file name="auth.ts" path="C:\Users\felip\Documentos\developer\tsauth\backend\src\api\controllers\auth.ts">
        <metrics statements="11" coveredstatements="11" conditionals="0" coveredconditionals="0" methods="2" coveredmethods="2"/>
        <line num="4" count="2" type="stmt"/>
        <line num="5" count="2" type="stmt"/>
        <line num="7" count="2" type="stmt"/>
        <line num="14" count="3" type="stmt"/>
        <line num="15" count="3" type="stmt"/>
        <line num="20" count="1" type="stmt"/>
        <line num="31" count="2" type="stmt"/>
        <line num="41" count="16" type="stmt"/>
        <line num="42" count="16" type="stmt"/>
        <line num="44" count="15" type="stmt"/>
        <line num="50" count="1" type="stmt"/>
      </file>
      <file name="user.ts" path="C:\Users\felip\Documentos\developer\tsauth\backend\src\api\controllers\user.ts">
        <metrics statements="17" coveredstatements="15" conditionals="0" coveredconditionals="0" methods="3" coveredmethods="3"/>
        <line num="4" count="2" type="stmt"/>
        <line num="5" count="2" type="stmt"/>
        <line num="7" count="2" type="stmt"/>
        <line num="14" count="1" type="stmt"/>
        <line num="15" count="1" type="stmt"/>
        <line num="17" count="1" type="stmt"/>
        <line num="19" count="0" type="stmt"/>
        <line num="29" count="1" type="stmt"/>
        <line num="30" count="1" type="stmt"/>
        <line num="31" count="1" type="stmt"/>
        <line num="33" count="1" type="stmt"/>
        <line num="35" count="0" type="stmt"/>
        <line num="45" count="1" type="stmt"/>
        <line num="46" count="1" type="stmt"/>
        <line num="47" count="1" type="stmt"/>
        <line num="49" count="1" type="stmt"/>
        <line num="51" count="1" type="stmt"/>
      </file>
    </package>
    <package name="src.api.middlewares">
      <metrics statements="76" coveredstatements="59" conditionals="37" coveredconditionals="23" methods="9" coveredmethods="7"/>
      <file name="auth.ts" path="C:\Users\felip\Documentos\developer\tsauth\backend\src\api\middlewares\auth.ts">
        <metrics statements="30" coveredstatements="20" conditionals="12" coveredconditionals="8" methods="1" coveredmethods="1"/>
        <line num="4" count="2" type="stmt"/>
        <line num="9" count="2" type="stmt"/>
        <line num="14" count="2" type="stmt"/>
        <line num="19" count="6" type="stmt"/>
        <line num="20" count="6" type="cond" truecount="1" falsecount="1"/>
        <line num="21" count="0" type="stmt"/>
        <line num="25" count="6" type="stmt"/>
        <line num="27" count="6" type="cond" truecount="2" falsecount="0"/>
        <line num="28" count="1" type="stmt"/>
        <line num="32" count="5" type="cond" truecount="1" falsecount="1"/>
        <line num="33" count="0" type="stmt"/>
        <line num="36" count="0" type="stmt"/>
        <line num="37" count="0" type="stmt"/>
        <line num="41" count="5" type="stmt"/>
        <line num="44" count="5" type="cond" truecount="1" falsecount="1"/>
        <line num="45" count="0" type="stmt"/>
        <line num="46" count="0" type="stmt"/>
        <line num="47" count="0" type="stmt"/>
        <line num="51" count="5" type="stmt"/>
        <line num="52" count="4" type="stmt"/>
        <line num="54" count="4" type="stmt"/>
        <line num="57" count="2" type="cond" truecount="1" falsecount="1"/>
        <line num="58" count="0" type="stmt"/>
        <line num="61" count="0" type="stmt"/>
        <line num="62" count="0" type="stmt"/>
        <line num="65" count="2" type="cond" truecount="2" falsecount="0"/>
        <line num="66" count="1" type="stmt"/>
        <line num="69" count="1" type="stmt"/>
        <line num="70" count="1" type="stmt"/>
        <line num="74" count="1" type="stmt"/>
      </file>
      <file name="authRole.ts" path="C:\Users\felip\Documentos\developer\tsauth\backend\src\api\middlewares\authRole.ts">
        <metrics statements="20" coveredstatements="20" conditionals="6" coveredconditionals="5" methods="2" coveredmethods="2"/>
        <line num="6" count="2" type="stmt"/>
        <line num="11" count="2" type="stmt"/>
        <line num="13" count="2" type="stmt"/>
        <line num="16" count="2" type="cond" truecount="2" falsecount="0"/>
        <line num="17" count="1" type="stmt"/>
        <line num="18" count="1" type="stmt"/>
        <line num="19" count="1" type="stmt"/>
        <line num="22" count="1" type="stmt"/>
        <line num="24" count="1" type="stmt"/>
        <line num="28" count="2" type="stmt"/>
        <line num="33" count="1" type="stmt"/>
        <line num="34" count="1" type="stmt"/>
        <line num="35" count="1" type="stmt"/>
        <line num="36" count="1" type="stmt"/>
        <line num="39" count="1" type="cond" truecount="3" falsecount="1"/>
        <line num="40" count="1" type="stmt"/>
        <line num="44" count="1" type="stmt"/>
        <line num="45" count="1" type="stmt"/>
        <line num="46" count="1" type="stmt"/>
        <line num="48" count="1" type="stmt"/>
      </file>
      <file name="statusHandler.ts" path="C:\Users\felip\Documentos\developer\tsauth\backend\src\api\middlewares\statusHandler.ts">
        <metrics statements="26" coveredstatements="19" conditionals="19" coveredconditionals="10" methods="6" coveredmethods="4"/>
        <line num="7" count="2" type="stmt"/>
        <line num="9" count="26" type="stmt"/>
        <line num="21" count="26" type="cond" truecount="1" falsecount="1"/>
        <line num="25" count="2" type="stmt"/>
        <line num="30" count="0" type="stmt"/>
        <line num="32" count="0" type="stmt"/>
        <line num="33" count="0" type="cond" truecount="0" falsecount="4"/>
        <line num="34" count="0" type="stmt"/>
        <line num="39" count="0" type="stmt"/>
        <line num="42" count="0" type="stmt"/>
        <line num="46" count="2" type="stmt"/>
        <line num="47" count="19" type="stmt"/>
        <line num="48" count="19" type="stmt"/>
        <line num="50" count="19" type="stmt"/>
        <line num="54" count="2" type="stmt"/>
        <line num="61" count="7" type="cond" truecount="1" falsecount="1"/>
        <line num="62" count="0" type="stmt"/>
        <line num="65" count="7" type="cond" truecount="3" falsecount="0"/>
        <line num="66" count="7" type="cond" truecount="1" falsecount="1"/>
        <line num="68" count="7" type="stmt"/>
        <line num="71" count="7" type="cond" truecount="3" falsecount="1"/>
        <line num="75" count="7" type="stmt"/>
        <line num="84" count="2" type="stmt"/>
        <line num="89" count="2" type="stmt"/>
        <line num="90" count="2" type="stmt"/>
        <line num="91" count="2" type="stmt"/>
      </file>
    </package>
    <package name="src.api.models">
      <metrics statements="18" coveredstatements="17" conditionals="2" coveredconditionals="1" methods="3" coveredmethods="3"/>
      <file name="user.ts" path="C:\Users\felip\Documentos\developer\tsauth\backend\src\api\models\user.ts">
        <metrics statements="18" coveredstatements="17" conditionals="2" coveredconditionals="1" methods="3" coveredmethods="3"/>
        <line num="3" count="2" type="stmt"/>
        <line num="4" count="2" type="stmt"/>
        <line num="15" count="2" type="stmt"/>
        <line num="32" count="2" type="stmt"/>
        <line num="33" count="15" type="cond" truecount="1" falsecount="1"/>
        <line num="35" count="15" type="stmt"/>
        <line num="37" count="15" type="stmt"/>
        <line num="38" count="15" type="stmt"/>
        <line num="39" count="15" type="stmt"/>
        <line num="41" count="0" type="stmt"/>
        <line num="46" count="2" type="stmt"/>
        <line num="49" count="2" type="stmt"/>
        <line num="53" count="2" type="stmt"/>
        <line num="54" count="20" type="stmt"/>
        <line num="55" count="20" type="stmt"/>
        <line num="56" count="20" type="stmt"/>
        <line num="59" count="2" type="stmt"/>
        <line num="61" count="2" type="stmt"/>
      </file>
    </package>
    <package name="src.api.routes">
      <metrics statements="15" coveredstatements="15" conditionals="0" coveredconditionals="0" methods="0" coveredmethods="0"/>
      <file name="auth.ts" path="C:\Users\felip\Documentos\developer\tsauth\backend\src\api\routes\auth.ts">
        <metrics statements="6" coveredstatements="6" conditionals="0" coveredconditionals="0" methods="0" coveredmethods="0"/>
        <line num="3" count="2" type="stmt"/>
        <line num="4" count="2" type="stmt"/>
        <line num="6" count="2" type="stmt"/>
        <line num="9" count="2" type="stmt"/>
        <line num="12" count="2" type="stmt"/>
        <line num="14" count="2" type="stmt"/>
      </file>
      <file name="user.ts" path="C:\Users\felip\Documentos\developer\tsauth\backend\src\api\routes\user.ts">
        <metrics statements="9" coveredstatements="9" conditionals="0" coveredconditionals="0" methods="0" coveredmethods="0"/>
        <line num="3" count="2" type="stmt"/>
        <line num="4" count="2" type="stmt"/>
        <line num="5" count="2" type="stmt"/>
        <line num="6" count="2" type="stmt"/>
        <line num="8" count="2" type="stmt"/>
        <line num="12" count="2" type="stmt"/>
        <line num="16" count="2" type="stmt"/>
        <line num="20" count="2" type="stmt"/>
        <line num="22" count="2" type="stmt"/>
      </file>
    </package>
    <package name="src.api.services">
      <metrics statements="58" coveredstatements="39" conditionals="22" coveredconditionals="13" methods="4" coveredmethods="4"/>
      <file name="auth.ts" path="C:\Users\felip\Documentos\developer\tsauth\backend\src\api\services\auth.ts">
        <metrics statements="32" coveredstatements="29" conditionals="10" coveredconditionals="9" methods="2" coveredmethods="2"/>
        <line num="3" count="2" type="stmt"/>
        <line num="6" count="2" type="stmt"/>
        <line num="9" count="2" type="stmt"/>
        <line num="17" count="16" type="stmt"/>
        <line num="18" count="16" type="stmt"/>
        <line num="23" count="16" type="cond" truecount="2" falsecount="0"/>
        <line num="24" count="1" type="stmt"/>
        <line num="27" count="1" type="stmt"/>
        <line num="28" count="1" type="stmt"/>
        <line num="32" count="15" type="stmt"/>
        <line num="33" count="15" type="stmt"/>
        <line num="36" count="15" type="stmt"/>
        <line num="48" count="15" type="stmt"/>
        <line num="50" count="1" type="stmt"/>
        <line num="56" count="3" type="stmt"/>
        <line num="57" count="3" type="cond" truecount="3" falsecount="1"/>
        <line num="58" count="0" type="stmt"/>
        <line num="61" count="0" type="stmt"/>
        <line num="62" count="0" type="stmt"/>
        <line num="66" count="3" type="stmt"/>
        <line num="70" count="3" type="cond" truecount="2" falsecount="0"/>
        <line num="71" count="1" type="stmt"/>
        <line num="72" count="1" type="stmt"/>
        <line num="73" count="1" type="stmt"/>
        <line num="77" count="2" type="stmt"/>
        <line num="79" count="2" type="cond" truecount="2" falsecount="0"/>
        <line num="80" count="1" type="stmt"/>
        <line num="81" count="1" type="stmt"/>
        <line num="82" count="1" type="stmt"/>
        <line num="86" count="1" type="stmt"/>
        <line num="98" count="1" type="stmt"/>
        <line num="100" count="2" type="stmt"/>
      </file>
      <file name="user.ts" path="C:\Users\felip\Documentos\developer\tsauth\backend\src\api\services\user.ts">
        <metrics statements="26" coveredstatements="10" conditionals="12" coveredconditionals="4" methods="2" coveredmethods="2"/>
        <line num="4" count="2" type="stmt"/>
        <line num="9" count="2" type="stmt"/>
        <line num="12" count="1" type="stmt"/>
        <line num="13" count="1" type="stmt"/>
        <line num="16" count="1" type="cond" truecount="3" falsecount="1"/>
        <line num="17" count="0" type="stmt"/>
        <line num="18" count="0" type="stmt"/>
        <line num="19" count="0" type="stmt"/>
        <line num="22" count="1" type="stmt"/>
        <line num="25" count="0" type="cond" truecount="0" falsecount="4"/>
        <line num="26" count="0" type="stmt"/>
        <line num="27" count="0" type="stmt"/>
        <line num="28" count="0" type="stmt"/>
        <line num="32" count="0" type="stmt"/>
        <line num="38" count="2" type="stmt"/>
        <line num="39" count="2" type="stmt"/>
        <line num="41" count="2" type="cond" truecount="1" falsecount="1"/>
        <line num="42" count="0" type="stmt"/>
        <line num="43" count="0" type="stmt"/>
        <line num="44" count="0" type="stmt"/>
        <line num="47" count="2" type="stmt"/>
        <line num="49" count="0" type="cond" truecount="0" falsecount="2"/>
        <line num="50" count="0" type="stmt"/>
        <line num="53" count="0" type="stmt"/>
        <line num="54" count="0" type="stmt"/>
        <line num="56" count="0" type="stmt"/>
      </file>
    </package>
    <package name="src.config">
      <metrics statements="8" coveredstatements="0" conditionals="0" coveredconditionals="0" methods="1" coveredmethods="0"/>
      <file name="db.ts" path="C:\Users\felip\Documentos\developer\tsauth\backend\src\config\db.ts">
        <metrics statements="8" coveredstatements="0" conditionals="0" coveredconditionals="0" methods="1" coveredmethods="0"/>
        <line num="3" count="0" type="stmt"/>
        <line num="5" count="0" type="stmt"/>
        <line num="6" count="0" type="stmt"/>
        <line num="7" count="0" type="stmt"/>
        <line num="8" count="0" type="stmt"/>
        <line num="10" count="0" type="stmt"/>
        <line num="11" count="0" type="stmt"/>
        <line num="15" count="0" type="stmt"/>
      </file>
    </package>
  </project>
</coverage>
