{"C:\\Users\\felip\\Documentos\\developer\\tsauth\\backend\\src\\app.ts": {"path":"C:\\Users\\felip\\Documentos\\developer\\tsauth\\backend\\src\\app.ts","statementMap":{"0":{"start":{"line":3,"column":0},"end":{"line":3,"column":30}},"1":{"start":{"line":4,"column":0},"end":{"line":4,"column":null}},"2":{"start":{"line":8,"column":0},"end":{"line":8,"column":43}},"3":{"start":{"line":9,"column":0},"end":{"line":9,"column":43}},"4":{"start":{"line":12,"column":12},"end":{"line":12,"column":21}},"5":{"start":{"line":13,"column":0},"end":{"line":13,"column":24}},"6":{"start":{"line":16,"column":0},"end":{"line":16,"column":33}},"7":{"start":{"line":19,"column":0},"end":{"line":19,"column":34}},"8":{"start":{"line":22,"column":0},"end":{"line":22,"column":22}},"9":{"start":{"line":23,"column":0},"end":{"line":23,"column":25}},"10":{"start":{"line":26,"column":0},"end":{"line":26,"column":19}}},"fnMap":{},"branchMap":{},"s":{"0":2,"1":2,"2":2,"3":2,"4":2,"5":2,"6":2,"7":2,"8":2,"9":2,"10":2},"f":{},"b":{}}
,"C:\\Users\\felip\\Documentos\\developer\\tsauth\\backend\\src\\api\\controllers\\auth.ts": {"path":"C:\\Users\\felip\\Documentos\\developer\\tsauth\\backend\\src\\api\\controllers\\auth.ts","statementMap":{"0":{"start":{"line":4,"column":0},"end":{"line":4,"column":64}},"1":{"start":{"line":5,"column":0},"end":{"line":5,"column":47}},"2":{"start":{"line":14,"column":4},"end":{"line":32,"column":5}},"3":{"start":{"line":15,"column":30},"end":{"line":17,"column":null}},"4":{"start":{"line":20,"column":6},"end":{"line":23,"column":9}},"5":{"start":{"line":31,"column":6},"end":{"line":31,"column":18}},"6":{"start":{"line":41,"column":4},"end":{"line":51,"column":5}},"7":{"start":{"line":42,"column":30},"end":{"line":42,"column":66}},"8":{"start":{"line":44,"column":6},"end":{"line":48,"column":9}},"9":{"start":{"line":50,"column":6},"end":{"line":50,"column":18}},"10":{"start":{"line":7,"column":0},"end":{"line":7,"column":13}}},"fnMap":{"0":{"name":"(anonymous_0)","decl":{"start":{"line":9,"column":2},"end":{"line":9,"column":8}},"loc":{"start":{"line":12,"column":22},"end":{"line":33,"column":3}}},"1":{"name":"(anonymous_1)","decl":{"start":{"line":36,"column":2},"end":{"line":36,"column":8}},"loc":{"start":{"line":39,"column":22},"end":{"line":52,"column":3}}}},"branchMap":{},"s":{"0":2,"1":2,"2":3,"3":3,"4":1,"5":2,"6":16,"7":16,"8":15,"9":1,"10":2},"f":{"0":3,"1":16},"b":{}}
,"C:\\Users\\felip\\Documentos\\developer\\tsauth\\backend\\src\\api\\controllers\\user.ts": {"path":"C:\\Users\\felip\\Documentos\\developer\\tsauth\\backend\\src\\api\\controllers\\user.ts","statementMap":{"0":{"start":{"line":4,"column":0},"end":{"line":4,"column":64}},"1":{"start":{"line":5,"column":0},"end":{"line":5,"column":47}},"2":{"start":{"line":14,"column":4},"end":{"line":20,"column":5}},"3":{"start":{"line":15,"column":20},"end":{"line":15,"column":51}},"4":{"start":{"line":17,"column":6},"end":{"line":17,"column":49}},"5":{"start":{"line":19,"column":6},"end":{"line":19,"column":18}},"6":{"start":{"line":29,"column":4},"end":{"line":36,"column":5}},"7":{"start":{"line":30,"column":21},"end":{"line":30,"column":37}},"8":{"start":{"line":31,"column":19},"end":{"line":31,"column":56}},"9":{"start":{"line":33,"column":6},"end":{"line":33,"column":48}},"10":{"start":{"line":35,"column":6},"end":{"line":35,"column":18}},"11":{"start":{"line":45,"column":4},"end":{"line":52,"column":5}},"12":{"start":{"line":46,"column":21},"end":{"line":46,"column":34}},"13":{"start":{"line":47,"column":19},"end":{"line":47,"column":56}},"14":{"start":{"line":49,"column":6},"end":{"line":49,"column":48}},"15":{"start":{"line":51,"column":6},"end":{"line":51,"column":18}},"16":{"start":{"line":7,"column":0},"end":{"line":7,"column":13}}},"fnMap":{"0":{"name":"(anonymous_0)","decl":{"start":{"line":9,"column":2},"end":{"line":9,"column":8}},"loc":{"start":{"line":12,"column":22},"end":{"line":21,"column":3}}},"1":{"name":"(anonymous_1)","decl":{"start":{"line":24,"column":2},"end":{"line":24,"column":8}},"loc":{"start":{"line":27,"column":22},"end":{"line":37,"column":3}}},"2":{"name":"(anonymous_2)","decl":{"start":{"line":40,"column":2},"end":{"line":40,"column":8}},"loc":{"start":{"line":43,"column":22},"end":{"line":53,"column":3}}}},"branchMap":{},"s":{"0":2,"1":2,"2":1,"3":1,"4":1,"5":0,"6":1,"7":1,"8":1,"9":1,"10":0,"11":1,"12":1,"13":1,"14":1,"15":1,"16":2},"f":{"0":1,"1":1,"2":1},"b":{}}
,"C:\\Users\\felip\\Documentos\\developer\\tsauth\\backend\\src\\api\\middlewares\\auth.ts": {"path":"C:\\Users\\felip\\Documentos\\developer\\tsauth\\backend\\src\\api\\middlewares\\auth.ts","statementMap":{"0":{"start":{"line":14,"column":0},"end":{"line":14,"column":24}},"1":{"start":{"line":4,"column":0},"end":{"line":4,"column":31}},"2":{"start":{"line":9,"column":12},"end":{"line":11,"column":2}},"3":{"start":{"line":19,"column":2},"end":{"line":75,"column":3}},"4":{"start":{"line":20,"column":4},"end":{"line":22,"column":5}},"5":{"start":{"line":21,"column":6},"end":{"line":21,"column":63}},"6":{"start":{"line":25,"column":17},"end":{"line":25,"column":42}},"7":{"start":{"line":27,"column":4},"end":{"line":29,"column":5}},"8":{"start":{"line":28,"column":6},"end":{"line":28,"column":38}},"9":{"start":{"line":32,"column":4},"end":{"line":38,"column":5}},"10":{"start":{"line":33,"column":33},"end":{"line":34,"column":null}},"11":{"start":{"line":36,"column":6},"end":{"line":36,"column":25}},"12":{"start":{"line":37,"column":6},"end":{"line":37,"column":18}},"13":{"start":{"line":41,"column":18},"end":{"line":41,"column":42}},"14":{"start":{"line":44,"column":4},"end":{"line":48,"column":5}},"15":{"start":{"line":45,"column":33},"end":{"line":45,"column":61}},"16":{"start":{"line":46,"column":6},"end":{"line":46,"column":25}},"17":{"start":{"line":47,"column":6},"end":{"line":47,"column":18}},"18":{"start":{"line":51,"column":20},"end":{"line":51,"column":69}},"19":{"start":{"line":52,"column":4},"end":{"line":52,"column":23}},"20":{"start":{"line":54,"column":4},"end":{"line":54,"column":11}},"21":{"start":{"line":57,"column":4},"end":{"line":63,"column":5}},"22":{"start":{"line":58,"column":39},"end":{"line":59,"column":null}},"23":{"start":{"line":61,"column":6},"end":{"line":61,"column":31}},"24":{"start":{"line":62,"column":6},"end":{"line":62,"column":31}},"25":{"start":{"line":65,"column":4},"end":{"line":71,"column":5}},"26":{"start":{"line":66,"column":39},"end":{"line":67,"column":null}},"27":{"start":{"line":69,"column":6},"end":{"line":69,"column":31}},"28":{"start":{"line":70,"column":6},"end":{"line":70,"column":31}},"29":{"start":{"line":74,"column":4},"end":{"line":74,"column":16}}},"fnMap":{"0":{"name":"auth","decl":{"start":{"line":14,"column":24},"end":{"line":14,"column":28}},"loc":{"start":{"line":17,"column":20},"end":{"line":76,"column":1}}}},"branchMap":{"0":{"loc":{"start":{"line":20,"column":4},"end":{"line":22,"column":5}},"type":"if","locations":[{"start":{"line":20,"column":4},"end":{"line":22,"column":5}},{"start":{},"end":{}}]},"1":{"loc":{"start":{"line":27,"column":4},"end":{"line":29,"column":5}},"type":"if","locations":[{"start":{"line":27,"column":4},"end":{"line":29,"column":5}},{"start":{},"end":{}}]},"2":{"loc":{"start":{"line":32,"column":4},"end":{"line":38,"column":5}},"type":"if","locations":[{"start":{"line":32,"column":4},"end":{"line":38,"column":5}},{"start":{},"end":{}}]},"3":{"loc":{"start":{"line":44,"column":4},"end":{"line":48,"column":5}},"type":"if","locations":[{"start":{"line":44,"column":4},"end":{"line":48,"column":5}},{"start":{},"end":{}}]},"4":{"loc":{"start":{"line":57,"column":4},"end":{"line":63,"column":5}},"type":"if","locations":[{"start":{"line":57,"column":4},"end":{"line":63,"column":5}},{"start":{},"end":{}}]},"5":{"loc":{"start":{"line":65,"column":4},"end":{"line":71,"column":5}},"type":"if","locations":[{"start":{"line":65,"column":4},"end":{"line":71,"column":5}},{"start":{},"end":{}}]}},"s":{"0":2,"1":2,"2":2,"3":6,"4":6,"5":0,"6":6,"7":6,"8":1,"9":5,"10":0,"11":0,"12":0,"13":5,"14":5,"15":0,"16":0,"17":0,"18":5,"19":4,"20":4,"21":2,"22":0,"23":0,"24":0,"25":2,"26":1,"27":1,"28":1,"29":1},"f":{"0":6},"b":{"0":[0,6],"1":[1,5],"2":[0,5],"3":[0,5],"4":[0,2],"5":[1,1]}}
,"C:\\Users\\felip\\Documentos\\developer\\tsauth\\backend\\src\\api\\middlewares\\authRole.ts": {"path":"C:\\Users\\felip\\Documentos\\developer\\tsauth\\backend\\src\\api\\middlewares\\authRole.ts","statementMap":{"0":{"start":{"line":6,"column":28},"end":{"line":26,"column":1}},"1":{"start":{"line":11,"column":2},"end":{"line":25,"column":3}},"2":{"start":{"line":13,"column":21},"end":{"line":13,"column":35}},"3":{"start":{"line":16,"column":4},"end":{"line":20,"column":5}},"4":{"start":{"line":17,"column":33},"end":{"line":17,"column":67}},"5":{"start":{"line":18,"column":6},"end":{"line":18,"column":25}},"6":{"start":{"line":19,"column":6},"end":{"line":19,"column":18}},"7":{"start":{"line":22,"column":4},"end":{"line":22,"column":11}},"8":{"start":{"line":24,"column":4},"end":{"line":24,"column":16}},"9":{"start":{"line":6,"column":13},"end":{"line":6,"column":28}},"10":{"start":{"line":28,"column":35},"end":{"line":50,"column":1}},"11":{"start":{"line":33,"column":2},"end":{"line":49,"column":3}},"12":{"start":{"line":34,"column":20},"end":{"line":34,"column":36}},"13":{"start":{"line":35,"column":27},"end":{"line":35,"column":40}},"14":{"start":{"line":36,"column":21},"end":{"line":36,"column":35}},"15":{"start":{"line":39,"column":4},"end":{"line":41,"column":5}},"16":{"start":{"line":40,"column":6},"end":{"line":40,"column":13}},"17":{"start":{"line":44,"column":31},"end":{"line":44,"column":57}},"18":{"start":{"line":45,"column":4},"end":{"line":45,"column":23}},"19":{"start":{"line":46,"column":4},"end":{"line":46,"column":16}},"20":{"start":{"line":48,"column":4},"end":{"line":48,"column":16}},"21":{"start":{"line":28,"column":13},"end":{"line":28,"column":35}}},"fnMap":{"0":{"name":"(anonymous_0)","decl":{"start":{"line":6,"column":28},"end":{"line":6,"column":null}},"loc":{"start":{"line":10,"column":10},"end":{"line":26,"column":1}}},"1":{"name":"(anonymous_1)","decl":{"start":{"line":28,"column":35},"end":{"line":28,"column":null}},"loc":{"start":{"line":32,"column":10},"end":{"line":50,"column":1}}}},"branchMap":{"0":{"loc":{"start":{"line":16,"column":4},"end":{"line":20,"column":5}},"type":"if","locations":[{"start":{"line":16,"column":4},"end":{"line":20,"column":5}},{"start":{},"end":{}}]},"1":{"loc":{"start":{"line":39,"column":4},"end":{"line":41,"column":5}},"type":"if","locations":[{"start":{"line":39,"column":4},"end":{"line":41,"column":5}},{"start":{},"end":{}}]},"2":{"loc":{"start":{"line":39,"column":8},"end":{"line":39,"column":58}},"type":"binary-expr","locations":[{"start":{"line":39,"column":8},"end":{"line":39,"column":28}},{"start":{"line":39,"column":32},"end":{"line":39,"column":58}}]}},"s":{"0":2,"1":2,"2":2,"3":2,"4":1,"5":1,"6":1,"7":1,"8":1,"9":2,"10":2,"11":1,"12":1,"13":1,"14":1,"15":1,"16":1,"17":1,"18":1,"19":1,"20":1,"21":2},"f":{"0":2,"1":1},"b":{"0":[1,1],"1":[1,0],"2":[1,1]}}
,"C:\\Users\\felip\\Documentos\\developer\\tsauth\\backend\\src\\api\\middlewares\\statusHandler.ts": {"path":"C:\\Users\\felip\\Documentos\\developer\\tsauth\\backend\\src\\api\\middlewares\\statusHandler.ts","statementMap":{"0":{"start":{"line":7,"column":25},"end":{"line":22,"column":1}},"1":{"start":{"line":9,"column":48},"end":{"line":19,"column":4}},"2":{"start":{"line":21,"column":2},"end":{"line":21,"column":44}},"3":{"start":{"line":25,"column":29},"end":{"line":43,"column":1}},"4":{"start":{"line":30,"column":21},"end":{"line":30,"column":29}},"5":{"start":{"line":32,"column":2},"end":{"line":40,"column":4}},"6":{"start":{"line":33,"column":4},"end":{"line":37,"column":5}},"7":{"start":{"line":34,"column":6},"end":{"line":36,"column":8}},"8":{"start":{"line":39,"column":4},"end":{"line":39,"column":39}},"9":{"start":{"line":42,"column":2},"end":{"line":42,"column":9}},"10":{"start":{"line":25,"column":13},"end":{"line":25,"column":29}},"11":{"start":{"line":46,"column":32},"end":{"line":51,"column":1}},"12":{"start":{"line":47,"column":2},"end":{"line":47,"column":21}},"13":{"start":{"line":48,"column":2},"end":{"line":48,"column":65}},"14":{"start":{"line":50,"column":2},"end":{"line":50,"column":13}},"15":{"start":{"line":46,"column":13},"end":{"line":46,"column":32}},"16":{"start":{"line":54,"column":28},"end":{"line":81,"column":1}},"17":{"start":{"line":61,"column":2},"end":{"line":63,"column":3}},"18":{"start":{"line":62,"column":4},"end":{"line":62,"column":23}},"19":{"start":{"line":65,"column":17},"end":{"line":65,"column":56}},"20":{"start":{"line":66,"column":18},"end":{"line":66,"column":58}},"21":{"start":{"line":68,"column":2},"end":{"line":68,"column":77}},"22":{"start":{"line":71,"column":4},"end":{"line":73,"column":15}},"23":{"start":{"line":75,"column":2},"end":{"line":80,"column":5}},"24":{"start":{"line":54,"column":13},"end":{"line":54,"column":28}},"25":{"start":{"line":84,"column":31},"end":{"line":92,"column":1}},"26":{"start":{"line":89,"column":29},"end":{"line":89,"column":76}},"27":{"start":{"line":90,"column":2},"end":{"line":90,"column":25}},"28":{"start":{"line":91,"column":2},"end":{"line":91,"column":14}},"29":{"start":{"line":84,"column":13},"end":{"line":84,"column":31}}},"fnMap":{"0":{"name":"(anonymous_0)","decl":{"start":{"line":7,"column":25},"end":{"line":7,"column":26}},"loc":{"start":{"line":7,"column":52},"end":{"line":22,"column":1}}},"1":{"name":"(anonymous_1)","decl":{"start":{"line":25,"column":29},"end":{"line":25,"column":null}},"loc":{"start":{"line":29,"column":4},"end":{"line":43,"column":1}}},"2":{"name":"(anonymous_2)","decl":{"start":{"line":32,"column":13},"end":{"line":32,"column":23}},"loc":{"start":{"line":32,"column":32},"end":{"line":40,"column":3}}},"3":{"name":"(anonymous_3)","decl":{"start":{"line":46,"column":32},"end":{"line":46,"column":33}},"loc":{"start":{"line":46,"column":76},"end":{"line":51,"column":1}}},"4":{"name":"(anonymous_4)","decl":{"start":{"line":54,"column":28},"end":{"line":54,"column":null}},"loc":{"start":{"line":59,"column":10},"end":{"line":81,"column":1}}},"5":{"name":"(anonymous_5)","decl":{"start":{"line":84,"column":31},"end":{"line":84,"column":null}},"loc":{"start":{"line":88,"column":10},"end":{"line":92,"column":1}}}},"branchMap":{"0":{"loc":{"start":{"line":21,"column":9},"end":{"line":21,"column":43}},"type":"binary-expr","locations":[{"start":{"line":21,"column":9},"end":{"line":21,"column":30}},{"start":{"line":21,"column":34},"end":{"line":21,"column":43}}]},"1":{"loc":{"start":{"line":33,"column":4},"end":{"line":37,"column":5}},"type":"if","locations":[{"start":{"line":33,"column":4},"end":{"line":37,"column":5}},{"start":{},"end":{}}]},"2":{"loc":{"start":{"line":33,"column":8},"end":{"line":33,"column":53}},"type":"binary-expr","locations":[{"start":{"line":33,"column":8},"end":{"line":33,"column":29}},{"start":{"line":33,"column":33},"end":{"line":33,"column":53}}]},"3":{"loc":{"start":{"line":61,"column":2},"end":{"line":63,"column":3}},"type":"if","locations":[{"start":{"line":61,"column":2},"end":{"line":63,"column":3}},{"start":{},"end":{}}]},"4":{"loc":{"start":{"line":65,"column":17},"end":{"line":65,"column":56}},"type":"binary-expr","locations":[{"start":{"line":65,"column":17},"end":{"line":65,"column":29}},{"start":{"line":65,"column":33},"end":{"line":65,"column":49}},{"start":{"line":65,"column":53},"end":{"line":65,"column":56}}]},"5":{"loc":{"start":{"line":66,"column":18},"end":{"line":66,"column":58}},"type":"binary-expr","locations":[{"start":{"line":66,"column":18},"end":{"line":66,"column":31}},{"start":{"line":66,"column":35},"end":{"line":66,"column":58}}]},"6":{"loc":{"start":{"line":71,"column":4},"end":{"line":73,"column":15}},"type":"cond-expr","locations":[{"start":{"line":72,"column":8},"end":{"line":72,"column":31}},{"start":{"line":73,"column":8},"end":{"line":73,"column":15}}]},"7":{"loc":{"start":{"line":71,"column":4},"end":{"line":71,"column":71}},"type":"binary-expr","locations":[{"start":{"line":71,"column":4},"end":{"line":71,"column":18}},{"start":{"line":71,"column":23},"end":{"line":71,"column":71}}]},"8":{"loc":{"start":{"line":79,"column":8},"end":{"line":79,"column":72}},"type":"binary-expr","locations":[{"start":{"line":79,"column":8},"end":{"line":79,"column":46}},{"start":{"line":79,"column":50},"end":{"line":79,"column":72}}]}},"s":{"0":2,"1":26,"2":26,"3":2,"4":0,"5":0,"6":0,"7":0,"8":0,"9":0,"10":2,"11":2,"12":19,"13":19,"14":19,"15":2,"16":2,"17":7,"18":0,"19":7,"20":7,"21":7,"22":7,"23":7,"24":2,"25":2,"26":2,"27":2,"28":2,"29":2},"f":{"0":26,"1":0,"2":0,"3":19,"4":7,"5":2},"b":{"0":[26,0],"1":[0,0],"2":[0,0],"3":[0,7],"4":[7,1,1],"5":[7,0],"6":[0,7],"7":[7,1],"8":[7,0]}}
,"C:\\Users\\felip\\Documentos\\developer\\tsauth\\backend\\src\\api\\models\\user.ts": {"path":"C:\\Users\\felip\\Documentos\\developer\\tsauth\\backend\\src\\api\\models\\user.ts","statementMap":{"0":{"start":{"line":3,"column":0},"end":{"line":3,"column":30}},"1":{"start":{"line":4,"column":0},"end":{"line":4,"column":44}},"2":{"start":{"line":15,"column":19},"end":{"line":28,"column":null}},"3":{"start":{"line":32,"column":0},"end":{"line":43,"column":3}},"4":{"start":{"line":33,"column":2},"end":{"line":33,"column":50}},"5":{"start":{"line":33,"column":36},"end":{"line":33,"column":50}},"6":{"start":{"line":35,"column":2},"end":{"line":42,"column":3}},"7":{"start":{"line":37,"column":17},"end":{"line":37,"column":41}},"8":{"start":{"line":38,"column":4},"end":{"line":38,"column":59}},"9":{"start":{"line":39,"column":4},"end":{"line":39,"column":11}},"10":{"start":{"line":41,"column":4},"end":{"line":41,"column":16}},"11":{"start":{"line":46,"column":0},"end":{"line":50,"column":2}},"12":{"start":{"line":49,"column":2},"end":{"line":49,"column":58}},"13":{"start":{"line":53,"column":0},"end":{"line":57,"column":2}},"14":{"start":{"line":54,"column":21},"end":{"line":54,"column":36}},"15":{"start":{"line":55,"column":2},"end":{"line":55,"column":29}},"16":{"start":{"line":56,"column":2},"end":{"line":56,"column":20}},"17":{"start":{"line":59,"column":13},"end":{"line":59,"column":47}},"18":{"start":{"line":61,"column":0},"end":{"line":61,"column":20}}},"fnMap":{"0":{"name":"(anonymous_10)","decl":{"start":{"line":32,"column":23},"end":{"line":32,"column":28}},"loc":{"start":{"line":32,"column":43},"end":{"line":43,"column":1}}},"1":{"name":"(anonymous_11)","decl":{"start":{"line":46,"column":37},"end":{"line":46,"column":42}},"loc":{"start":{"line":47,"column":27},"end":{"line":50,"column":1}}},"2":{"name":"(anonymous_12)","decl":{"start":{"line":53,"column":28},"end":{"line":53,"column":null}},"loc":{"start":{"line":53,"column":28},"end":{"line":57,"column":1}}}},"branchMap":{"0":{"loc":{"start":{"line":33,"column":2},"end":{"line":33,"column":50}},"type":"if","locations":[{"start":{"line":33,"column":2},"end":{"line":33,"column":50}},{"start":{},"end":{}}]}},"s":{"0":2,"1":2,"2":2,"3":2,"4":15,"5":0,"6":15,"7":15,"8":15,"9":15,"10":0,"11":2,"12":2,"13":2,"14":20,"15":20,"16":20,"17":2,"18":2},"f":{"0":15,"1":2,"2":20},"b":{"0":[0,15]}}
,"C:\\Users\\felip\\Documentos\\developer\\tsauth\\backend\\src\\api\\routes\\auth.ts": {"path":"C:\\Users\\felip\\Documentos\\developer\\tsauth\\backend\\src\\api\\routes\\auth.ts","statementMap":{"0":{"start":{"line":3,"column":0},"end":{"line":3,"column":33}},"1":{"start":{"line":4,"column":0},"end":{"line":4,"column":53}},"2":{"start":{"line":6,"column":19},"end":{"line":6,"column":27}},"3":{"start":{"line":9,"column":0},"end":{"line":9,"column":48}},"4":{"start":{"line":12,"column":0},"end":{"line":12,"column":54}},"5":{"start":{"line":14,"column":0},"end":{"line":14,"column":26}}},"fnMap":{},"branchMap":{},"s":{"0":2,"1":2,"2":2,"3":2,"4":2,"5":2},"f":{},"b":{}}
,"C:\\Users\\felip\\Documentos\\developer\\tsauth\\backend\\src\\api\\routes\\user.ts": {"path":"C:\\Users\\felip\\Documentos\\developer\\tsauth\\backend\\src\\api\\routes\\user.ts","statementMap":{"0":{"start":{"line":3,"column":0},"end":{"line":3,"column":33}},"1":{"start":{"line":4,"column":0},"end":{"line":4,"column":53}},"2":{"start":{"line":5,"column":0},"end":{"line":5,"column":39}},"3":{"start":{"line":6,"column":0},"end":{"line":6,"column":76}},"4":{"start":{"line":8,"column":19},"end":{"line":8,"column":27}},"5":{"start":{"line":12,"column":0},"end":{"line":12,"column":68}},"6":{"start":{"line":16,"column":0},"end":{"line":16,"column":59}},"7":{"start":{"line":20,"column":0},"end":{"line":20,"column":78}},"8":{"start":{"line":22,"column":0},"end":{"line":22,"column":26}}},"fnMap":{},"branchMap":{},"s":{"0":2,"1":2,"2":2,"3":2,"4":2,"5":2,"6":2,"7":2,"8":2},"f":{},"b":{}}
,"C:\\Users\\felip\\Documentos\\developer\\tsauth\\backend\\src\\api\\services\\auth.ts": {"path":"C:\\Users\\felip\\Documentos\\developer\\tsauth\\backend\\src\\api\\services\\auth.ts","statementMap":{"0":{"start":{"line":3,"column":0},"end":{"line":3,"column":31}},"1":{"start":{"line":6,"column":0},"end":{"line":6,"column":34}},"2":{"start":{"line":17,"column":4},"end":{"line":51,"column":5}},"3":{"start":{"line":18,"column":27},"end":{"line":20,"column":8}},"4":{"start":{"line":23,"column":6},"end":{"line":29,"column":7}},"5":{"start":{"line":24,"column":35},"end":{"line":25,"column":null}},"6":{"start":{"line":27,"column":8},"end":{"line":27,"column":27}},"7":{"start":{"line":28,"column":8},"end":{"line":28,"column":20}},"8":{"start":{"line":32,"column":19},"end":{"line":32,"column":37}},"9":{"start":{"line":33,"column":6},"end":{"line":33,"column":24}},"10":{"start":{"line":36,"column":20},"end":{"line":44,"column":null}},"11":{"start":{"line":48,"column":6},"end":{"line":48,"column":44}},"12":{"start":{"line":50,"column":6},"end":{"line":50,"column":18}},"13":{"start":{"line":56,"column":4},"end":{"line":101,"column":5}},"14":{"start":{"line":57,"column":6},"end":{"line":63,"column":7}},"15":{"start":{"line":58,"column":35},"end":{"line":59,"column":null}},"16":{"start":{"line":61,"column":8},"end":{"line":61,"column":27}},"17":{"start":{"line":62,"column":8},"end":{"line":62,"column":20}},"18":{"start":{"line":66,"column":19},"end":{"line":68,"column":28}},"19":{"start":{"line":70,"column":6},"end":{"line":74,"column":7}},"20":{"start":{"line":71,"column":35},"end":{"line":71,"column":67}},"21":{"start":{"line":72,"column":8},"end":{"line":72,"column":27}},"22":{"start":{"line":73,"column":8},"end":{"line":73,"column":20}},"23":{"start":{"line":77,"column":30},"end":{"line":77,"column":66}},"24":{"start":{"line":79,"column":6},"end":{"line":83,"column":7}},"25":{"start":{"line":80,"column":35},"end":{"line":80,"column":67}},"26":{"start":{"line":81,"column":8},"end":{"line":81,"column":27}},"27":{"start":{"line":82,"column":8},"end":{"line":82,"column":20}},"28":{"start":{"line":86,"column":20},"end":{"line":94,"column":null}},"29":{"start":{"line":98,"column":6},"end":{"line":98,"column":44}},"30":{"start":{"line":100,"column":6},"end":{"line":100,"column":18}},"31":{"start":{"line":9,"column":0},"end":{"line":9,"column":13}}},"fnMap":{"0":{"name":"(anonymous_1)","decl":{"start":{"line":11,"column":2},"end":{"line":11,"column":8}},"loc":{"start":{"line":16,"column":3},"end":{"line":52,"column":3}}},"1":{"name":"(anonymous_2)","decl":{"start":{"line":55,"column":2},"end":{"line":55,"column":8}},"loc":{"start":{"line":55,"column":62},"end":{"line":102,"column":3}}}},"branchMap":{"0":{"loc":{"start":{"line":23,"column":6},"end":{"line":29,"column":7}},"type":"if","locations":[{"start":{"line":23,"column":6},"end":{"line":29,"column":7}},{"start":{},"end":{}}]},"1":{"loc":{"start":{"line":57,"column":6},"end":{"line":63,"column":7}},"type":"if","locations":[{"start":{"line":57,"column":6},"end":{"line":63,"column":7}},{"start":{},"end":{}}]},"2":{"loc":{"start":{"line":57,"column":10},"end":{"line":57,"column":39}},"type":"binary-expr","locations":[{"start":{"line":57,"column":10},"end":{"line":57,"column":26}},{"start":{"line":57,"column":30},"end":{"line":57,"column":39}}]},"3":{"loc":{"start":{"line":70,"column":6},"end":{"line":74,"column":7}},"type":"if","locations":[{"start":{"line":70,"column":6},"end":{"line":74,"column":7}},{"start":{},"end":{}}]},"4":{"loc":{"start":{"line":79,"column":6},"end":{"line":83,"column":7}},"type":"if","locations":[{"start":{"line":79,"column":6},"end":{"line":83,"column":7}},{"start":{},"end":{}}]}},"s":{"0":2,"1":2,"2":16,"3":16,"4":16,"5":1,"6":1,"7":1,"8":15,"9":15,"10":15,"11":15,"12":1,"13":3,"14":3,"15":0,"16":0,"17":0,"18":3,"19":3,"20":1,"21":1,"22":1,"23":2,"24":2,"25":1,"26":1,"27":1,"28":1,"29":1,"30":2,"31":2},"f":{"0":16,"1":3},"b":{"0":[1,15],"1":[0,3],"2":[3,3],"3":[1,2],"4":[1,1]}}
,"C:\\Users\\felip\\Documentos\\developer\\tsauth\\backend\\src\\api\\services\\user.ts": {"path":"C:\\Users\\felip\\Documentos\\developer\\tsauth\\backend\\src\\api\\services\\user.ts","statementMap":{"0":{"start":{"line":4,"column":0},"end":{"line":4,"column":34}},"1":{"start":{"line":12,"column":4},"end":{"line":33,"column":5}},"2":{"start":{"line":13,"column":20},"end":{"line":13,"column":37}},"3":{"start":{"line":16,"column":6},"end":{"line":20,"column":7}},"4":{"start":{"line":17,"column":35},"end":{"line":17,"column":66}},"5":{"start":{"line":18,"column":8},"end":{"line":18,"column":27}},"6":{"start":{"line":19,"column":8},"end":{"line":19,"column":20}},"7":{"start":{"line":22,"column":6},"end":{"line":22,"column":19}},"8":{"start":{"line":25,"column":6},"end":{"line":29,"column":7}},"9":{"start":{"line":26,"column":41},"end":{"line":26,"column":77}},"10":{"start":{"line":27,"column":8},"end":{"line":27,"column":33}},"11":{"start":{"line":28,"column":8},"end":{"line":28,"column":26}},"12":{"start":{"line":32,"column":6},"end":{"line":32,"column":18}},"13":{"start":{"line":38,"column":4},"end":{"line":57,"column":5}},"14":{"start":{"line":39,"column":19},"end":{"line":39,"column":46}},"15":{"start":{"line":41,"column":6},"end":{"line":45,"column":7}},"16":{"start":{"line":42,"column":35},"end":{"line":42,"column":62}},"17":{"start":{"line":43,"column":8},"end":{"line":43,"column":27}},"18":{"start":{"line":44,"column":8},"end":{"line":44,"column":20}},"19":{"start":{"line":47,"column":6},"end":{"line":47,"column":18}},"20":{"start":{"line":49,"column":6},"end":{"line":55,"column":7}},"21":{"start":{"line":50,"column":41},"end":{"line":51,"column":null}},"22":{"start":{"line":53,"column":8},"end":{"line":53,"column":33}},"23":{"start":{"line":54,"column":8},"end":{"line":54,"column":26}},"24":{"start":{"line":56,"column":6},"end":{"line":56,"column":18}},"25":{"start":{"line":9,"column":0},"end":{"line":9,"column":13}}},"fnMap":{"0":{"name":"(anonymous_1)","decl":{"start":{"line":11,"column":2},"end":{"line":11,"column":8}},"loc":{"start":{"line":11,"column":26},"end":{"line":34,"column":3}}},"1":{"name":"(anonymous_2)","decl":{"start":{"line":37,"column":2},"end":{"line":37,"column":8}},"loc":{"start":{"line":37,"column":53},"end":{"line":58,"column":3}}}},"branchMap":{"0":{"loc":{"start":{"line":16,"column":6},"end":{"line":20,"column":7}},"type":"if","locations":[{"start":{"line":16,"column":6},"end":{"line":20,"column":7}},{"start":{},"end":{}}]},"1":{"loc":{"start":{"line":16,"column":10},"end":{"line":16,"column":38}},"type":"binary-expr","locations":[{"start":{"line":16,"column":10},"end":{"line":16,"column":16}},{"start":{"line":16,"column":20},"end":{"line":16,"column":38}}]},"2":{"loc":{"start":{"line":25,"column":6},"end":{"line":29,"column":7}},"type":"if","locations":[{"start":{"line":25,"column":6},"end":{"line":29,"column":7}},{"start":{},"end":{}}]},"3":{"loc":{"start":{"line":25,"column":10},"end":{"line":25,"column":71}},"type":"binary-expr","locations":[{"start":{"line":25,"column":10},"end":{"line":25,"column":37}},{"start":{"line":25,"column":41},"end":{"line":25,"column":71}}]},"4":{"loc":{"start":{"line":41,"column":6},"end":{"line":45,"column":7}},"type":"if","locations":[{"start":{"line":41,"column":6},"end":{"line":45,"column":7}},{"start":{},"end":{}}]},"5":{"loc":{"start":{"line":49,"column":6},"end":{"line":55,"column":7}},"type":"if","locations":[{"start":{"line":49,"column":6},"end":{"line":55,"column":7}},{"start":{},"end":{}}]}},"s":{"0":2,"1":1,"2":1,"3":1,"4":0,"5":0,"6":0,"7":1,"8":0,"9":0,"10":0,"11":0,"12":0,"13":2,"14":2,"15":2,"16":0,"17":0,"18":0,"19":2,"20":0,"21":0,"22":0,"23":0,"24":0,"25":2},"f":{"0":1,"1":2},"b":{"0":[0,1],"1":[1,1],"2":[0,0],"3":[0,0],"4":[0,2],"5":[0,0]}}
,"C:\\Users\\felip\\Documentos\\developer\\tsauth\\backend\\src\\config\\db.ts": {"path":"C:\\Users\\felip\\Documentos\\developer\\tsauth\\backend\\src\\config\\db.ts","statementMap":{"0":{"start":{"line":3,"column":0},"end":{"line":3,"column":32}},"1":{"start":{"line":5,"column":21},"end":{"line":13,"column":1}},"2":{"start":{"line":6,"column":2},"end":{"line":12,"column":3}},"3":{"start":{"line":7,"column":23},"end":{"line":7,"column":78}},"4":{"start":{"line":8,"column":4},"end":{"line":8,"column":52}},"5":{"start":{"line":10,"column":4},"end":{"line":10,"column":66}},"6":{"start":{"line":11,"column":4},"end":{"line":11,"column":20}},"7":{"start":{"line":15,"column":0},"end":{"line":15,"column":28}}},"fnMap":{"0":{"name":"(anonymous_1)","decl":{"start":{"line":5,"column":21},"end":{"line":5,"column":26}},"loc":{"start":{"line":5,"column":46},"end":{"line":13,"column":1}}}},"branchMap":{},"s":{"0":0,"1":0,"2":0,"3":0,"4":0,"5":0,"6":0,"7":0},"f":{"0":0},"b":{}}
}
