TN:
SF:src\app.ts
FNF:0
FNH:0
DA:3,2
DA:4,2
DA:8,2
DA:9,2
DA:12,2
DA:13,2
DA:16,2
DA:19,2
DA:22,2
DA:23,2
DA:26,2
LF:11
LH:11
BRF:0
BRH:0
end_of_record
TN:
SF:src\api\controllers\auth.ts
FN:9,(anonymous_0)
FN:36,(anonymous_1)
FNF:2
FNH:2
FNDA:3,(anonymous_0)
FNDA:16,(anonymous_1)
DA:4,2
DA:5,2
DA:7,2
DA:14,3
DA:15,3
DA:20,1
DA:31,2
DA:41,16
DA:42,16
DA:44,15
DA:50,1
LF:11
LH:11
BRF:0
BRH:0
end_of_record
TN:
SF:src\api\controllers\user.ts
FN:9,(anonymous_0)
FN:24,(anonymous_1)
FN:40,(anonymous_2)
FNF:3
FNH:3
FNDA:1,(anonymous_0)
FNDA:1,(anonymous_1)
FNDA:1,(anonymous_2)
DA:4,2
DA:5,2
DA:7,2
DA:14,1
DA:15,1
DA:17,1
DA:19,0
DA:29,1
DA:30,1
DA:31,1
DA:33,1
DA:35,0
DA:45,1
DA:46,1
DA:47,1
DA:49,1
DA:51,1
LF:17
LH:15
BRF:0
BRH:0
end_of_record
TN:
SF:src\api\middlewares\auth.ts
FN:14,auth
FNF:1
FNH:1
FNDA:6,auth
DA:4,2
DA:9,2
DA:14,2
DA:19,6
DA:20,6
DA:21,0
DA:25,6
DA:27,6
DA:28,1
DA:32,5
DA:33,0
DA:36,0
DA:37,0
DA:41,5
DA:44,5
DA:45,0
DA:46,0
DA:47,0
DA:51,5
DA:52,4
DA:54,4
DA:57,2
DA:58,0
DA:61,0
DA:62,0
DA:65,2
DA:66,1
DA:69,1
DA:70,1
DA:74,1
LF:30
LH:20
BRDA:20,0,0,0
BRDA:20,0,1,6
BRDA:27,1,0,1
BRDA:27,1,1,5
BRDA:32,2,0,0
BRDA:32,2,1,5
BRDA:44,3,0,0
BRDA:44,3,1,5
BRDA:57,4,0,0
BRDA:57,4,1,2
BRDA:65,5,0,1
BRDA:65,5,1,1
BRF:12
BRH:8
end_of_record
TN:
SF:src\api\middlewares\authRole.ts
FN:6,(anonymous_0)
FN:28,(anonymous_1)
FNF:2
FNH:2
FNDA:2,(anonymous_0)
FNDA:1,(anonymous_1)
DA:6,2
DA:11,2
DA:13,2
DA:16,2
DA:17,1
DA:18,1
DA:19,1
DA:22,1
DA:24,1
DA:28,2
DA:33,1
DA:34,1
DA:35,1
DA:36,1
DA:39,1
DA:40,1
DA:44,1
DA:45,1
DA:46,1
DA:48,1
LF:20
LH:20
BRDA:16,0,0,1
BRDA:16,0,1,1
BRDA:39,1,0,1
BRDA:39,1,1,0
BRDA:39,2,0,1
BRDA:39,2,1,1
BRF:6
BRH:5
end_of_record
TN:
SF:src\api\middlewares\statusHandler.ts
FN:7,(anonymous_0)
FN:25,(anonymous_1)
FN:32,(anonymous_2)
FN:46,(anonymous_3)
FN:54,(anonymous_4)
FN:84,(anonymous_5)
FNF:6
FNH:4
FNDA:26,(anonymous_0)
FNDA:0,(anonymous_1)
FNDA:0,(anonymous_2)
FNDA:19,(anonymous_3)
FNDA:7,(anonymous_4)
FNDA:2,(anonymous_5)
DA:7,2
DA:9,26
DA:21,26
DA:25,2
DA:30,0
DA:32,0
DA:33,0
DA:34,0
DA:39,0
DA:42,0
DA:46,2
DA:47,19
DA:48,19
DA:50,19
DA:54,2
DA:61,7
DA:62,0
DA:65,7
DA:66,7
DA:68,7
DA:71,7
DA:75,7
DA:84,2
DA:89,2
DA:90,2
DA:91,2
LF:26
LH:19
BRDA:21,0,0,26
BRDA:21,0,1,0
BRDA:33,1,0,0
BRDA:33,1,1,0
BRDA:33,2,0,0
BRDA:33,2,1,0
BRDA:61,3,0,0
BRDA:61,3,1,7
BRDA:65,4,0,7
BRDA:65,4,1,1
BRDA:65,4,2,1
BRDA:66,5,0,7
BRDA:66,5,1,0
BRDA:71,6,0,0
BRDA:71,6,1,7
BRDA:71,7,0,7
BRDA:71,7,1,1
BRDA:79,8,0,7
BRDA:79,8,1,0
BRF:19
BRH:10
end_of_record
TN:
SF:src\api\models\user.ts
FN:32,(anonymous_10)
FN:46,(anonymous_11)
FN:53,(anonymous_12)
FNF:3
FNH:3
FNDA:15,(anonymous_10)
FNDA:2,(anonymous_11)
FNDA:20,(anonymous_12)
DA:3,2
DA:4,2
DA:15,2
DA:32,2
DA:33,15
DA:35,15
DA:37,15
DA:38,15
DA:39,15
DA:41,0
DA:46,2
DA:49,2
DA:53,2
DA:54,20
DA:55,20
DA:56,20
DA:59,2
DA:61,2
LF:18
LH:17
BRDA:33,0,0,0
BRDA:33,0,1,15
BRF:2
BRH:1
end_of_record
TN:
SF:src\api\routes\auth.ts
FNF:0
FNH:0
DA:3,2
DA:4,2
DA:6,2
DA:9,2
DA:12,2
DA:14,2
LF:6
LH:6
BRF:0
BRH:0
end_of_record
TN:
SF:src\api\routes\user.ts
FNF:0
FNH:0
DA:3,2
DA:4,2
DA:5,2
DA:6,2
DA:8,2
DA:12,2
DA:16,2
DA:20,2
DA:22,2
LF:9
LH:9
BRF:0
BRH:0
end_of_record
TN:
SF:src\api\services\auth.ts
FN:11,(anonymous_1)
FN:55,(anonymous_2)
FNF:2
FNH:2
FNDA:16,(anonymous_1)
FNDA:3,(anonymous_2)
DA:3,2
DA:6,2
DA:9,2
DA:17,16
DA:18,16
DA:23,16
DA:24,1
DA:27,1
DA:28,1
DA:32,15
DA:33,15
DA:36,15
DA:48,15
DA:50,1
DA:56,3
DA:57,3
DA:58,0
DA:61,0
DA:62,0
DA:66,3
DA:70,3
DA:71,1
DA:72,1
DA:73,1
DA:77,2
DA:79,2
DA:80,1
DA:81,1
DA:82,1
DA:86,1
DA:98,1
DA:100,2
LF:32
LH:29
BRDA:23,0,0,1
BRDA:23,0,1,15
BRDA:57,1,0,0
BRDA:57,1,1,3
BRDA:57,2,0,3
BRDA:57,2,1,3
BRDA:70,3,0,1
BRDA:70,3,1,2
BRDA:79,4,0,1
BRDA:79,4,1,1
BRF:10
BRH:9
end_of_record
TN:
SF:src\api\services\user.ts
FN:11,(anonymous_1)
FN:37,(anonymous_2)
FNF:2
FNH:2
FNDA:1,(anonymous_1)
FNDA:2,(anonymous_2)
DA:4,2
DA:9,2
DA:12,1
DA:13,1
DA:16,1
DA:17,0
DA:18,0
DA:19,0
DA:22,1
DA:25,0
DA:26,0
DA:27,0
DA:28,0
DA:32,0
DA:38,2
DA:39,2
DA:41,2
DA:42,0
DA:43,0
DA:44,0
DA:47,2
DA:49,0
DA:50,0
DA:53,0
DA:54,0
DA:56,0
LF:26
LH:10
BRDA:16,0,0,0
BRDA:16,0,1,1
BRDA:16,1,0,1
BRDA:16,1,1,1
BRDA:25,2,0,0
BRDA:25,2,1,0
BRDA:25,3,0,0
BRDA:25,3,1,0
BRDA:41,4,0,0
BRDA:41,4,1,2
BRDA:49,5,0,0
BRDA:49,5,1,0
BRF:12
BRH:4
end_of_record
TN:
SF:src\config\db.ts
FN:5,(anonymous_1)
FNF:1
FNH:0
FNDA:0,(anonymous_1)
DA:3,0
DA:5,0
DA:6,0
DA:7,0
DA:8,0
DA:10,0
DA:11,0
DA:15,0
LF:8
LH:0
BRF:0
BRH:0
end_of_record
